<?xml version="1.0" encoding="utf-8"?><testsuites><testsuite name="pytest" errors="0" failures="0" skipped="0" tests="2" time="5.887" timestamp="2025-05-20T15:34:29.257162+02:00" hostname="GTA3"><testcase classname="Python.tests.test_3d_map_standalone.TestStandaloneMap" name="test_map_initialization" time="3.515" /><testcase classname="Python.tests.test_map_sockets.TestMapSocketCommunication" name="test_socket_communication" time="0.208" /></testsuite></testsuites>